[2022-09-18 20:15:55,227][__main__][INFO] - #1 (enum and cond) : There is a 57.58% chance it is cloudy given the grass is wet
[2022-09-18 20:15:55,228][__main__][INFO] - {'test': tensor([0.5000])}
[2022-09-18 20:15:55,230][__main__][INFO] - {'check': [1, 0, 1, 1]}
[2022-09-18 20:15:55,230][__main__][INFO] - {'check': [1, 0, 0, 1]}
[2022-09-18 20:15:55,230][__main__][INFO] - {'check': [0, 1, 0, 1]}
[2022-09-18 20:15:55,231][__main__][INFO] - {'check': [1, 0, 0, 1]}
[2022-09-18 20:15:55,231][__main__][INFO] - {'check': [0, 1, 0, 1]}
[2022-09-18 20:15:55,231][__main__][INFO] - {'check': [1, 0, 0, 1]}
[2022-09-18 20:15:55,232][__main__][INFO] - {'check': [1, 0, 1, 1]}
[2022-09-18 20:15:55,232][__main__][INFO] - {'check': [1, 0, 0, 1]}
[2022-09-18 20:15:55,232][__main__][INFO] - {'check': [0, 1, 0, 1]}
[2022-09-18 20:15:55,232][__main__][INFO] - {'check': [1, 0, 0, 1]}
[2022-09-18 20:15:55,233][__main__][INFO] - {'check': [0, 0, 0, 0]}
[2022-09-18 20:15:55,233][__main__][INFO] - {'check': [1, 0, 0, 1]}
[2022-09-18 20:15:55,234][__main__][INFO] - {'check': [1, 0, 1, 1]}
[2022-09-18 20:15:55,234][__main__][INFO] - {'check': [1, 0, 0, 1]}
[2022-09-18 20:15:55,234][__main__][INFO] - {'check': [0, 0, 0, 0]}
[2022-09-18 20:15:55,234][__main__][INFO] - {'check': [1, 0, 0, 1]}
[2022-09-18 20:15:55,235][__main__][INFO] - {'check': [0, 0, 0, 0]}
[2022-09-18 20:15:55,235][__main__][INFO] - {'check': [1, 0, 0, 1]}
[2022-09-18 20:15:55,235][__main__][INFO] - {'check': [0, 0, 0, 0]}
[2022-09-18 20:15:55,236][__main__][INFO] - {'check': [1, 0, 0, 1]}
[2022-09-18 20:15:55,236][__main__][INFO] - {'check': 0}
[2022-09-18 20:15:55,236][__main__][INFO] - #2 (ancestral + reject) : The chance of it being cloudy given the grass is wet is 0.00%
[2022-09-18 20:15:55,236][__main__][INFO] - #2 (ancestral + reject) : 0.00% of the total samples were rejected
