[2022-09-18 20:17:42,281][__main__][INFO] - #1 (enum and cond) : There is a 57.58% chance it is cloudy given the grass is wet
[2022-09-18 20:17:42,282][__main__][INFO] - {'test': tensor([0.5000])}
[2022-09-18 20:17:42,284][__main__][INFO] - {'check': [1, 0, 1, 1]}
[2022-09-18 20:17:42,284][__main__][INFO] - {'check': [0, 1, 0, 1]}
[2022-09-18 20:17:42,285][__main__][INFO] - {'check': [0, 1, 0, 1]}
[2022-09-18 20:17:42,285][__main__][INFO] - {'check': [1, 0, 1, 1]}
[2022-09-18 20:17:42,286][__main__][INFO] - {'check': [0, 1, 0, 1]}
[2022-09-18 20:17:42,286][__main__][INFO] - {'check': [0, 0, 0, 0]}
[2022-09-18 20:17:42,286][__main__][INFO] - {'check': [1, 0, 1, 1]}
[2022-09-18 20:17:42,287][__main__][INFO] - {'check': [0, 0, 0, 0]}
[2022-09-18 20:17:42,287][__main__][INFO] - {'check': [0, 0, 0, 0]}
[2022-09-18 20:17:42,288][__main__][INFO] - {'check': [0, 0, 0, 0]}
[2022-09-18 20:17:42,288][__main__][INFO] - {'check': [0, 0, 0, 0]}
[2022-09-18 20:17:42,289][__main__][INFO] - {'check': [1, 0, 1, 1]}
[2022-09-18 20:17:42,289][__main__][INFO] - {'check': [1, 0, 1, 1]}
[2022-09-18 20:17:42,289][__main__][INFO] - {'check': [0, 0, 0, 0]}
[2022-09-18 20:17:42,290][__main__][INFO] - {'check': [1, 0, 0, 0]}
[2022-09-18 20:17:42,290][__main__][INFO] - {'check': 0}
[2022-09-18 20:17:42,290][__main__][INFO] - #2 (ancestral + reject) : The chance of it being cloudy given the grass is wet is 0.00%
[2022-09-18 20:17:42,290][__main__][INFO] - #2 (ancestral + reject) : 0.00% of the total samples were rejected
